{"C:\\Users\\Nurli\\A_MY_FILES\\PROJECT_CV\\myCV-typescript\\src\\App.tsx": {"path":"C:\\Users\\Nurli\\A_MY_FILES\\PROJECT_CV\\myCV-typescript\\src\\App.tsx","statementMap":{"0":{"start":{"line":1,"column":0},"end":{"line":1,"column":49}},"1":{"start":{"line":2,"column":0},"end":{"line":2,"column":44}},"2":{"start":{"line":3,"column":0},"end":{"line":3,"column":41}},"3":{"start":{"line":6,"column":2},"end":{"line":11,"column":4}},"4":{"start":{"line":14,"column":0},"end":{"line":14,"column":19}}},"fnMap":{"0":{"name":"App","decl":{"start":{"line":5,"column":9},"end":{"line":5,"column":12}},"loc":{"start":{"line":5,"column":12},"end":{"line":12,"column":1}}}},"branchMap":{},"s":{"0":0,"1":0,"2":0,"3":0,"4":0},"f":{"0":0},"b":{}}
,"C:\\Users\\Nurli\\A_MY_FILES\\PROJECT_CV\\myCV-typescript\\src\\global.d.ts": {"path":"C:\\Users\\Nurli\\A_MY_FILES\\PROJECT_CV\\myCV-typescript\\src\\global.d.ts","statementMap":{},"fnMap":{},"branchMap":{},"s":{},"f":{},"b":{}}
,"C:\\Users\\Nurli\\A_MY_FILES\\PROJECT_CV\\myCV-typescript\\src\\vite-env.d.ts": {"path":"C:\\Users\\Nurli\\A_MY_FILES\\PROJECT_CV\\myCV-typescript\\src\\vite-env.d.ts","statementMap":{},"fnMap":{},"branchMap":{},"s":{},"f":{},"b":{}}
,"C:\\Users\\Nurli\\A_MY_FILES\\PROJECT_CV\\myCV-typescript\\src\\components\\Address\\Address.tsx": {"path":"C:\\Users\\Nurli\\A_MY_FILES\\PROJECT_CV\\myCV-typescript\\src\\components\\Address\\Address.tsx","statementMap":{"0":{"start":{"line":2,"column":0},"end":{"line":2,"column":52}},"1":{"start":{"line":3,"column":0},"end":{"line":3,"column":42}},"2":{"start":{"line":5,"column":26},"end":{"line":19,"column":1}},"3":{"start":{"line":6,"column":2},"end":{"line":18,"column":4}},"4":{"start":{"line":21,"column":0},"end":{"line":21,"column":23}}},"fnMap":{"0":{"name":"(anonymous_1)","decl":{"start":{"line":5,"column":26},"end":{"line":5,"column":29}},"loc":{"start":{"line":5,"column":31},"end":{"line":19,"column":1}}}},"branchMap":{},"s":{"0":0,"1":0,"2":0,"3":0,"4":0},"f":{"0":0},"b":{}}
,"C:\\Users\\Nurli\\A_MY_FILES\\PROJECT_CV\\myCV-typescript\\src\\components\\Address\\ContactItem\\ContactItem.tsx": {"path":"C:\\Users\\Nurli\\A_MY_FILES\\PROJECT_CV\\myCV-typescript\\src\\components\\Address\\ContactItem\\ContactItem.tsx","statementMap":{"0":{"start":{"line":2,"column":0},"end":{"line":2,"column":65}},"1":{"start":{"line":3,"column":0},"end":{"line":3,"column":72}},"2":{"start":{"line":4,"column":0},"end":{"line":4,"column":null}},"3":{"start":{"line":9,"column":0},"end":{"line":9,"column":46}},"4":{"start":{"line":17,"column":48},"end":{"line":68,"column":1}},"5":{"start":{"line":18,"column":22},"end":{"line":40,"column":3}},"6":{"start":{"line":19,"column":14},"end":{"line":19,"column":16}},"7":{"start":{"line":20,"column":4},"end":{"line":38,"column":5}},"8":{"start":{"line":22,"column":8},"end":{"line":22,"column":31}},"9":{"start":{"line":23,"column":8},"end":{"line":23,"column":14}},"10":{"start":{"line":25,"column":8},"end":{"line":25,"column":28}},"11":{"start":{"line":26,"column":8},"end":{"line":26,"column":14}},"12":{"start":{"line":28,"column":8},"end":{"line":28,"column":48}},"13":{"start":{"line":29,"column":8},"end":{"line":29,"column":14}},"14":{"start":{"line":31,"column":8},"end":{"line":31,"column":49}},"15":{"start":{"line":32,"column":8},"end":{"line":32,"column":14}},"16":{"start":{"line":34,"column":8},"end":{"line":34,"column":30}},"17":{"start":{"line":35,"column":8},"end":{"line":35,"column":14}},"18":{"start":{"line":37,"column":8},"end":{"line":37,"column":14}},"19":{"start":{"line":39,"column":4},"end":{"line":39,"column":31}},"20":{"start":{"line":42,"column":18},"end":{"line":57,"column":3}},"21":{"start":{"line":43,"column":4},"end":{"line":56,"column":5}},"22":{"start":{"line":45,"column":8},"end":{"line":45,"column":26}},"23":{"start":{"line":47,"column":8},"end":{"line":47,"column":23}},"24":{"start":{"line":49,"column":8},"end":{"line":49,"column":28}},"25":{"start":{"line":51,"column":8},"end":{"line":51,"column":26}},"26":{"start":{"line":53,"column":8},"end":{"line":53,"column":23}},"27":{"start":{"line":55,"column":8},"end":{"line":55,"column":23}},"28":{"start":{"line":59,"column":2},"end":{"line":67,"column":4}},"29":{"start":{"line":70,"column":0},"end":{"line":70,"column":27}}},"fnMap":{"0":{"name":"(anonymous_1)","decl":{"start":{"line":17,"column":48},"end":{"line":17,"column":49}},"loc":{"start":{"line":17,"column":74},"end":{"line":68,"column":1}}},"1":{"name":"(anonymous_2)","decl":{"start":{"line":18,"column":22},"end":{"line":18,"column":25}},"loc":{"start":{"line":18,"column":27},"end":{"line":40,"column":3}}},"2":{"name":"(anonymous_3)","decl":{"start":{"line":42,"column":18},"end":{"line":42,"column":21}},"loc":{"start":{"line":42,"column":23},"end":{"line":57,"column":3}}}},"branchMap":{"0":{"loc":{"start":{"line":20,"column":4},"end":{"line":38,"column":5}},"type":"switch","locations":[{"start":{"line":21,"column":6},"end":{"line":23,"column":14}},{"start":{"line":24,"column":6},"end":{"line":26,"column":14}},{"start":{"line":27,"column":6},"end":{"line":29,"column":14}},{"start":{"line":30,"column":6},"end":{"line":32,"column":14}},{"start":{"line":33,"column":6},"end":{"line":35,"column":14}},{"start":{"line":36,"column":6},"end":{"line":37,"column":14}}]},"1":{"loc":{"start":{"line":43,"column":4},"end":{"line":56,"column":5}},"type":"switch","locations":[{"start":{"line":44,"column":6},"end":{"line":45,"column":26}},{"start":{"line":46,"column":6},"end":{"line":47,"column":23}},{"start":{"line":48,"column":6},"end":{"line":49,"column":28}},{"start":{"line":50,"column":6},"end":{"line":51,"column":26}},{"start":{"line":52,"column":6},"end":{"line":53,"column":23}},{"start":{"line":54,"column":6},"end":{"line":55,"column":23}}]},"2":{"loc":{"start":{"line":63,"column":9},"end":{"line":63,"column":64}},"type":"binary-expr","locations":[{"start":{"line":63,"column":9},"end":{"line":63,"column":14}},{"start":{"line":63,"column":18},"end":{"line":63,"column":64}}]}},"s":{"0":0,"1":0,"2":0,"3":0,"4":0,"5":0,"6":0,"7":0,"8":0,"9":0,"10":0,"11":0,"12":0,"13":0,"14":0,"15":0,"16":0,"17":0,"18":0,"19":0,"20":0,"21":0,"22":0,"23":0,"24":0,"25":0,"26":0,"27":0,"28":0,"29":0},"f":{"0":0,"1":0,"2":0},"b":{"0":[0,0,0,0,0,0],"1":[0,0,0,0,0,0],"2":[0,0]}}
,"C:\\Users\\Nurli\\A_MY_FILES\\PROJECT_CV\\myCV-typescript\\src\\components\\Box\\Box.tsx": {"path":"C:\\Users\\Nurli\\A_MY_FILES\\PROJECT_CV\\myCV-typescript\\src\\components\\Box\\Box.tsx","statementMap":{"0":{"start":{"line":2,"column":0},"end":{"line":2,"column":38}},"1":{"start":{"line":11,"column":32},"end":{"line":18,"column":1}},"2":{"start":{"line":12,"column":2},"end":{"line":17,"column":4}},"3":{"start":{"line":20,"column":0},"end":{"line":20,"column":19}}},"fnMap":{"0":{"name":"(anonymous_1)","decl":{"start":{"line":11,"column":32},"end":{"line":11,"column":33}},"loc":{"start":{"line":11,"column":70},"end":{"line":18,"column":1}}}},"branchMap":{"0":{"loc":{"start":{"line":13,"column":49},"end":{"line":13,"column":64}},"type":"binary-expr","locations":[{"start":{"line":13,"column":49},"end":{"line":13,"column":58}},{"start":{"line":13,"column":62},"end":{"line":13,"column":64}}]}},"s":{"0":0,"1":0,"2":0,"3":0},"f":{"0":0},"b":{"0":[0,0]}}
,"C:\\Users\\Nurli\\A_MY_FILES\\PROJECT_CV\\myCV-typescript\\src\\components\\Button\\Button.tsx": {"path":"C:\\Users\\Nurli\\A_MY_FILES\\PROJECT_CV\\myCV-typescript\\src\\components\\Button\\Button.tsx","statementMap":{"0":{"start":{"line":2,"column":0},"end":{"line":2,"column":41}},"1":{"start":{"line":15,"column":38},"end":{"line":40,"column":1}},"2":{"start":{"line":25,"column":2},"end":{"line":39,"column":4}},"3":{"start":{"line":42,"column":0},"end":{"line":42,"column":22}}},"fnMap":{"0":{"name":"(anonymous_1)","decl":{"start":{"line":15,"column":38},"end":{"line":15,"column":39}},"loc":{"start":{"line":24,"column":5},"end":{"line":40,"column":1}}}},"branchMap":{"0":{"loc":{"start":{"line":19,"column":2},"end":{"line":19,"column":17}},"type":"default-arg","locations":[{"start":{"line":19,"column":13},"end":{"line":19,"column":17}}]},"1":{"loc":{"start":{"line":22,"column":2},"end":{"line":22,"column":18}},"type":"default-arg","locations":[{"start":{"line":22,"column":13},"end":{"line":22,"column":18}}]},"2":{"loc":{"start":{"line":23,"column":2},"end":{"line":23,"column":17}},"type":"default-arg","locations":[{"start":{"line":23,"column":9},"end":{"line":23,"column":17}}]},"3":{"loc":{"start":{"line":29,"column":10},"end":{"line":29,"column":39}},"type":"cond-expr","locations":[{"start":{"line":29,"column":21},"end":{"line":29,"column":34}},{"start":{"line":29,"column":37},"end":{"line":29,"column":39}}]},"4":{"loc":{"start":{"line":30,"column":10},"end":{"line":30,"column":25}},"type":"binary-expr","locations":[{"start":{"line":30,"column":10},"end":{"line":30,"column":19}},{"start":{"line":30,"column":23},"end":{"line":30,"column":25}}]},"5":{"loc":{"start":{"line":36,"column":7},"end":{"line":36,"column":58}},"type":"binary-expr","locations":[{"start":{"line":36,"column":7},"end":{"line":36,"column":11}},{"start":{"line":36,"column":15},"end":{"line":36,"column":58}}]},"6":{"loc":{"start":{"line":37,"column":7},"end":{"line":37,"column":70}},"type":"binary-expr","locations":[{"start":{"line":37,"column":7},"end":{"line":37,"column":15}},{"start":{"line":37,"column":19},"end":{"line":37,"column":23}},{"start":{"line":37,"column":27},"end":{"line":37,"column":70}}]}},"s":{"0":2,"1":2,"2":40,"3":2},"f":{"0":40},"b":{"0":[4],"1":[39],"2":[40],"3":[6,34],"4":[40,5],"5":[40,35],"6":[40,32,32]}}
,"C:\\Users\\Nurli\\A_MY_FILES\\PROJECT_CV\\myCV-typescript\\src\\components\\Expertise\\Expertise.tsx": {"path":"C:\\Users\\Nurli\\A_MY_FILES\\PROJECT_CV\\myCV-typescript\\src\\components\\Expertise\\Expertise.tsx","statementMap":{"0":{"start":{"line":2,"column":0},"end":{"line":2,"column":44}},"1":{"start":{"line":17,"column":44},"end":{"line":40,"column":1}},"2":{"start":{"line":18,"column":2},"end":{"line":39,"column":4}},"3":{"start":{"line":21,"column":8},"end":{"line":21,"column":25}},"4":{"start":{"line":42,"column":0},"end":{"line":42,"column":25}}},"fnMap":{"0":{"name":"(anonymous_1)","decl":{"start":{"line":17,"column":44},"end":{"line":17,"column":45}},"loc":{"start":{"line":17,"column":57},"end":{"line":40,"column":1}}},"1":{"name":"(anonymous_2)","decl":{"start":{"line":20,"column":16},"end":{"line":20,"column":17}},"loc":{"start":{"line":21,"column":8},"end":{"line":21,"column":25}}}},"branchMap":{},"s":{"0":0,"1":0,"2":0,"3":0,"4":0},"f":{"0":0,"1":0},"b":{}}
,"C:\\Users\\Nurli\\A_MY_FILES\\PROJECT_CV\\myCV-typescript\\src\\components\\Feedback\\Feedback.tsx": {"path":"C:\\Users\\Nurli\\A_MY_FILES\\PROJECT_CV\\myCV-typescript\\src\\components\\Feedback\\Feedback.tsx","statementMap":{"0":{"start":{"line":2,"column":0},"end":{"line":2,"column":43}},"1":{"start":{"line":19,"column":42},"end":{"line":46,"column":1}},"2":{"start":{"line":20,"column":2},"end":{"line":45,"column":4}},"3":{"start":{"line":24,"column":8},"end":{"line":24,"column":24}},"4":{"start":{"line":48,"column":0},"end":{"line":48,"column":24}}},"fnMap":{"0":{"name":"(anonymous_1)","decl":{"start":{"line":19,"column":42},"end":{"line":19,"column":43}},"loc":{"start":{"line":19,"column":55},"end":{"line":46,"column":1}}},"1":{"name":"(anonymous_2)","decl":{"start":{"line":23,"column":16},"end":{"line":23,"column":17}},"loc":{"start":{"line":24,"column":8},"end":{"line":24,"column":24}}}},"branchMap":{},"s":{"0":0,"1":0,"2":0,"3":0,"4":0},"f":{"0":0,"1":0},"b":{}}
,"C:\\Users\\Nurli\\A_MY_FILES\\PROJECT_CV\\myCV-typescript\\src\\components\\Info\\Info.tsx": {"path":"C:\\Users\\Nurli\\A_MY_FILES\\PROJECT_CV\\myCV-typescript\\src\\components\\Info\\Info.tsx","statementMap":{"0":{"start":{"line":2,"column":0},"end":{"line":2,"column":39}},"1":{"start":{"line":9,"column":34},"end":{"line":11,"column":1}},"2":{"start":{"line":10,"column":2},"end":{"line":10,"column":69}},"3":{"start":{"line":13,"column":0},"end":{"line":13,"column":20}}},"fnMap":{"0":{"name":"(anonymous_1)","decl":{"start":{"line":9,"column":34},"end":{"line":9,"column":35}},"loc":{"start":{"line":9,"column":63},"end":{"line":11,"column":1}}}},"branchMap":{"0":{"loc":{"start":{"line":9,"column":43},"end":{"line":9,"column":57}},"type":"default-arg","locations":[{"start":{"line":9,"column":55},"end":{"line":9,"column":57}}]}},"s":{"0":0,"1":0,"2":0,"3":0},"f":{"0":0},"b":{"0":[0]}}
,"C:\\Users\\Nurli\\A_MY_FILES\\PROJECT_CV\\myCV-typescript\\src\\components\\Navigation\\Navigation.tsx": {"path":"C:\\Users\\Nurli\\A_MY_FILES\\PROJECT_CV\\myCV-typescript\\src\\components\\Navigation\\Navigation.tsx","statementMap":{"0":{"start":{"line":1,"column":0},"end":{"line":1,"column":38}},"1":{"start":{"line":2,"column":0},"end":{"line":2,"column":65}},"2":{"start":{"line":3,"column":0},"end":{"line":3,"column":null}},"3":{"start":{"line":10,"column":0},"end":{"line":10,"column":71}},"4":{"start":{"line":11,"column":0},"end":{"line":11,"column":45}},"5":{"start":{"line":12,"column":0},"end":{"line":12,"column":58}},"6":{"start":{"line":13,"column":0},"end":{"line":13,"column":52}},"7":{"start":{"line":15,"column":17},"end":{"line":23,"column":2}},"8":{"start":{"line":29,"column":46},"end":{"line":81,"column":1}},"9":{"start":{"line":30,"column":34},"end":{"line":30,"column":59}},"10":{"start":{"line":31,"column":22},"end":{"line":31,"column":63}},"11":{"start":{"line":33,"column":22},"end":{"line":36,"column":3}},"12":{"start":{"line":34,"column":4},"end":{"line":34,"column":20}},"13":{"start":{"line":35,"column":4},"end":{"line":35,"column":26}},"14":{"start":{"line":39,"column":2},"end":{"line":63,"column":9}},"15":{"start":{"line":40,"column":28},"end":{"line":46,"column":5}},"16":{"start":{"line":41,"column":6},"end":{"line":45,"column":9}},"17":{"start":{"line":42,"column":8},"end":{"line":44,"column":9}},"18":{"start":{"line":43,"column":10},"end":{"line":43,"column":39}},"19":{"start":{"line":48,"column":20},"end":{"line":52,"column":6}},"20":{"start":{"line":54,"column":21},"end":{"line":54,"column":71}},"21":{"start":{"line":55,"column":4},"end":{"line":55,"column":35}},"22":{"start":{"line":57,"column":21},"end":{"line":57,"column":61}},"23":{"start":{"line":58,"column":4},"end":{"line":58,"column":61}},"24":{"start":{"line":58,"column":34},"end":{"line":58,"column":59}},"25":{"start":{"line":60,"column":4},"end":{"line":62,"column":6}},"26":{"start":{"line":61,"column":6},"end":{"line":61,"column":65}},"27":{"start":{"line":61,"column":36},"end":{"line":61,"column":63}},"28":{"start":{"line":65,"column":2},"end":{"line":80,"column":4}},"29":{"start":{"line":68,"column":8},"end":{"line":68,"column":27}},"30":{"start":{"line":73,"column":27},"end":{"line":73,"column":47}},"31":{"start":{"line":83,"column":0},"end":{"line":83,"column":26}}},"fnMap":{"0":{"name":"(anonymous_1)","decl":{"start":{"line":29,"column":46},"end":{"line":29,"column":47}},"loc":{"start":{"line":29,"column":63},"end":{"line":81,"column":1}}},"1":{"name":"(anonymous_2)","decl":{"start":{"line":33,"column":22},"end":{"line":33,"column":23}},"loc":{"start":{"line":33,"column":37},"end":{"line":36,"column":3}}},"2":{"name":"(anonymous_3)","decl":{"start":{"line":39,"column":12},"end":{"line":39,"column":15}},"loc":{"start":{"line":39,"column":17},"end":{"line":63,"column":3}}},"3":{"name":"(anonymous_4)","decl":{"start":{"line":40,"column":28},"end":{"line":40,"column":29}},"loc":{"start":{"line":40,"column":69},"end":{"line":46,"column":5}}},"4":{"name":"(anonymous_5)","decl":{"start":{"line":41,"column":22},"end":{"line":41,"column":23}},"loc":{"start":{"line":41,"column":32},"end":{"line":45,"column":7}}},"5":{"name":"(anonymous_6)","decl":{"start":{"line":58,"column":21},"end":{"line":58,"column":22}},"loc":{"start":{"line":58,"column":34},"end":{"line":58,"column":59}}},"6":{"name":"(anonymous_7)","decl":{"start":{"line":60,"column":11},"end":{"line":60,"column":14}},"loc":{"start":{"line":60,"column":16},"end":{"line":62,"column":5}}},"7":{"name":"(anonymous_8)","decl":{"start":{"line":61,"column":23},"end":{"line":61,"column":24}},"loc":{"start":{"line":61,"column":36},"end":{"line":61,"column":63}}},"8":{"name":"(anonymous_9)","decl":{"start":{"line":67,"column":20},"end":{"line":67,"column":21}},"loc":{"start":{"line":68,"column":8},"end":{"line":68,"column":27}}},"9":{"name":"(anonymous_10)","decl":{"start":{"line":73,"column":21},"end":{"line":73,"column":24}},"loc":{"start":{"line":73,"column":27},"end":{"line":73,"column":47}}}},"branchMap":{"0":{"loc":{"start":{"line":42,"column":8},"end":{"line":44,"column":9}},"type":"if","locations":[{"start":{"line":42,"column":8},"end":{"line":44,"column":9}}]}},"s":{"0":1,"1":1,"2":1,"3":1,"4":1,"5":1,"6":1,"7":1,"8":1,"9":5,"10":5,"11":5,"12":1,"13":1,"14":5,"15":3,"16":0,"17":0,"18":0,"19":3,"20":3,"21":3,"22":3,"23":3,"24":0,"25":3,"26":3,"27":0,"28":5,"29":35,"30":1,"31":1},"f":{"0":5,"1":1,"2":3,"3":0,"4":0,"5":0,"6":3,"7":0,"8":35,"9":1},"b":{"0":[0]}}
,"C:\\Users\\Nurli\\A_MY_FILES\\PROJECT_CV\\myCV-typescript\\src\\components\\Panel\\Panel.tsx": {"path":"C:\\Users\\Nurli\\A_MY_FILES\\PROJECT_CV\\myCV-typescript\\src\\components\\Panel\\Panel.tsx","statementMap":{"0":{"start":{"line":2,"column":0},"end":{"line":2,"column":50}},"1":{"start":{"line":3,"column":0},"end":{"line":3,"column":38}},"2":{"start":{"line":4,"column":0},"end":{"line":4,"column":44}},"3":{"start":{"line":5,"column":0},"end":{"line":5,"column":65}},"4":{"start":{"line":6,"column":0},"end":{"line":6,"column":66}},"5":{"start":{"line":7,"column":0},"end":{"line":7,"column":40}},"6":{"start":{"line":8,"column":0},"end":{"line":8,"column":47}},"7":{"start":{"line":9,"column":0},"end":{"line":9,"column":45}},"8":{"start":{"line":17,"column":36},"end":{"line":47,"column":1}},"9":{"start":{"line":22,"column":19},"end":{"line":22,"column":32}},"10":{"start":{"line":24,"column":2},"end":{"line":46,"column":4}},"11":{"start":{"line":39,"column":29},"end":{"line":39,"column":42}},"12":{"start":{"line":49,"column":0},"end":{"line":49,"column":21}}},"fnMap":{"0":{"name":"(anonymous_1)","decl":{"start":{"line":17,"column":36},"end":{"line":17,"column":37}},"loc":{"start":{"line":21,"column":5},"end":{"line":47,"column":1}}},"1":{"name":"(anonymous_2)","decl":{"start":{"line":39,"column":23},"end":{"line":39,"column":26}},"loc":{"start":{"line":39,"column":29},"end":{"line":39,"column":42}}}},"branchMap":{"0":{"loc":{"start":{"line":18,"column":2},"end":{"line":18,"column":20}},"type":"default-arg","locations":[{"start":{"line":18,"column":16},"end":{"line":18,"column":20}}]},"1":{"loc":{"start":{"line":26,"column":7},"end":{"line":43,"column":null}},"type":"binary-expr","locations":[{"start":{"line":26,"column":7},"end":{"line":26,"column":18}},{"start":{"line":27,"column":8},"end":{"line":42,"column":null}}]}},"s":{"0":0,"1":0,"2":0,"3":0,"4":0,"5":0,"6":0,"7":0,"8":0,"9":0,"10":0,"11":0,"12":0},"f":{"0":0,"1":0},"b":{"0":[0],"1":[0,0]}}
,"C:\\Users\\Nurli\\A_MY_FILES\\PROJECT_CV\\myCV-typescript\\src\\components\\PhotoBox\\PhotoBox.tsx": {"path":"C:\\Users\\Nurli\\A_MY_FILES\\PROJECT_CV\\myCV-typescript\\src\\components\\PhotoBox\\PhotoBox.tsx","statementMap":{"0":{"start":{"line":2,"column":0},"end":{"line":2,"column":43}},"1":{"start":{"line":13,"column":42},"end":{"line":33,"column":1}},"2":{"start":{"line":21,"column":2},"end":{"line":32,"column":4}},"3":{"start":{"line":35,"column":0},"end":{"line":35,"column":24}}},"fnMap":{"0":{"name":"(anonymous_1)","decl":{"start":{"line":13,"column":42},"end":{"line":13,"column":43}},"loc":{"start":{"line":20,"column":5},"end":{"line":33,"column":1}}}},"branchMap":{"0":{"loc":{"start":{"line":18,"column":2},"end":{"line":18,"column":16}},"type":"default-arg","locations":[{"start":{"line":18,"column":10},"end":{"line":18,"column":16}}]},"1":{"loc":{"start":{"line":19,"column":2},"end":{"line":19,"column":17}},"type":"default-arg","locations":[{"start":{"line":19,"column":9},"end":{"line":19,"column":17}}]},"2":{"loc":{"start":{"line":23,"column":39},"end":{"line":23,"column":85}},"type":"cond-expr","locations":[{"start":{"line":23,"column":59},"end":{"line":23,"column":71}},{"start":{"line":23,"column":74},"end":{"line":23,"column":85}}]},"3":{"loc":{"start":{"line":29,"column":7},"end":{"line":29,"column":57}},"type":"binary-expr","locations":[{"start":{"line":29,"column":7},"end":{"line":29,"column":12}},{"start":{"line":29,"column":16},"end":{"line":29,"column":57}}]},"4":{"loc":{"start":{"line":30,"column":7},"end":{"line":30,"column":73}},"type":"binary-expr","locations":[{"start":{"line":30,"column":7},"end":{"line":30,"column":18}},{"start":{"line":30,"column":22},"end":{"line":30,"column":73}}]}},"s":{"0":0,"1":0,"2":0,"3":0},"f":{"0":0},"b":{"0":[0],"1":[0],"2":[0,0],"3":[0,0],"4":[0,0]}}
,"C:\\Users\\Nurli\\A_MY_FILES\\PROJECT_CV\\myCV-typescript\\src\\components\\Portfolio\\Portfolio.tsx": {"path":"C:\\Users\\Nurli\\A_MY_FILES\\PROJECT_CV\\myCV-typescript\\src\\components\\Portfolio\\Portfolio.tsx","statementMap":{"0":{"start":{"line":1,"column":0},"end":{"line":1,"column":59}},"1":{"start":{"line":2,"column":0},"end":{"line":2,"column":37}},"2":{"start":{"line":3,"column":0},"end":{"line":3,"column":44}},"3":{"start":{"line":4,"column":0},"end":{"line":4,"column":59}},"4":{"start":{"line":6,"column":28},"end":{"line":94,"column":1}},"5":{"start":{"line":7,"column":23},"end":{"line":7,"column":58}},"6":{"start":{"line":8,"column":26},"end":{"line":8,"column":54}},"7":{"start":{"line":10,"column":36},"end":{"line":10,"column":49}},"8":{"start":{"line":12,"column":2},"end":{"line":23,"column":9}},"9":{"start":{"line":13,"column":4},"end":{"line":18,"column":5}},"10":{"start":{"line":14,"column":6},"end":{"line":17,"column":9}},"11":{"start":{"line":20,"column":4},"end":{"line":22,"column":6}},"12":{"start":{"line":21,"column":6},"end":{"line":21,"column":41}},"13":{"start":{"line":25,"column":2},"end":{"line":31,"column":18}},"14":{"start":{"line":26,"column":4},"end":{"line":30,"column":5}},"15":{"start":{"line":27,"column":6},"end":{"line":29,"column":9}},"16":{"start":{"line":33,"column":22},"end":{"line":37,"column":3}},"17":{"start":{"line":34,"column":19},"end":{"line":34,"column":66}},"18":{"start":{"line":35,"column":4},"end":{"line":35,"column":24}},"19":{"start":{"line":36,"column":4},"end":{"line":36,"column":37}},"20":{"start":{"line":36,"column":16},"end":{"line":36,"column":37}},"21":{"start":{"line":39,"column":2},"end":{"line":93,"column":4}},"22":{"start":{"line":71,"column":10},"end":{"line":71,"column":29}},"23":{"start":{"line":95,"column":0},"end":{"line":95,"column":25}}},"fnMap":{"0":{"name":"(anonymous_1)","decl":{"start":{"line":6,"column":28},"end":{"line":6,"column":31}},"loc":{"start":{"line":6,"column":33},"end":{"line":94,"column":1}}},"1":{"name":"(anonymous_2)","decl":{"start":{"line":12,"column":12},"end":{"line":12,"column":15}},"loc":{"start":{"line":12,"column":17},"end":{"line":23,"column":3}}},"2":{"name":"(anonymous_3)","decl":{"start":{"line":20,"column":11},"end":{"line":20,"column":14}},"loc":{"start":{"line":20,"column":16},"end":{"line":22,"column":5}}},"3":{"name":"(anonymous_4)","decl":{"start":{"line":25,"column":12},"end":{"line":25,"column":15}},"loc":{"start":{"line":25,"column":17},"end":{"line":31,"column":3}}},"4":{"name":"(anonymous_5)","decl":{"start":{"line":33,"column":22},"end":{"line":33,"column":23}},"loc":{"start":{"line":33,"column":69},"end":{"line":37,"column":3}}},"5":{"name":"(anonymous_6)","decl":{"start":{"line":70,"column":28},"end":{"line":70,"column":29}},"loc":{"start":{"line":71,"column":10},"end":{"line":71,"column":29}}}},"branchMap":{"0":{"loc":{"start":{"line":13,"column":4},"end":{"line":18,"column":5}},"type":"if","locations":[{"start":{"line":13,"column":4},"end":{"line":18,"column":5}}]},"1":{"loc":{"start":{"line":21,"column":6},"end":{"line":21,"column":40}},"type":"cond-expr","locations":[{"start":{"line":21,"column":29},"end":{"line":21,"column":31}},{"start":{"line":21,"column":29},"end":{"line":21,"column":40}}]},"2":{"loc":{"start":{"line":21,"column":6},"end":{"line":21,"column":31}},"type":"binary-expr","locations":[{"start":{"line":21,"column":6},"end":{"line":21,"column":31}},{"start":{"line":21,"column":29},"end":{"line":21,"column":31}}]},"3":{"loc":{"start":{"line":26,"column":4},"end":{"line":30,"column":5}},"type":"if","locations":[{"start":{"line":26,"column":4},"end":{"line":30,"column":5}}]},"4":{"loc":{"start":{"line":28,"column":16},"end":{"line":28,"column":57}},"type":"cond-expr","locations":[{"start":{"line":28,"column":36},"end":{"line":28,"column":39}},{"start":{"line":28,"column":42},"end":{"line":28,"column":57}}]},"5":{"loc":{"start":{"line":36,"column":4},"end":{"line":36,"column":37}},"type":"if","locations":[{"start":{"line":36,"column":4},"end":{"line":36,"column":37}}]},"6":{"loc":{"start":{"line":43,"column":41},"end":{"line":43,"column":79}},"type":"cond-expr","locations":[{"start":{"line":43,"column":61},"end":{"line":43,"column":74}},{"start":{"line":43,"column":77},"end":{"line":43,"column":79}}]},"7":{"loc":{"start":{"line":51,"column":41},"end":{"line":51,"column":82}},"type":"cond-expr","locations":[{"start":{"line":51,"column":64},"end":{"line":51,"column":77}},{"start":{"line":51,"column":80},"end":{"line":51,"column":82}}]},"8":{"loc":{"start":{"line":59,"column":41},"end":{"line":59,"column":80}},"type":"cond-expr","locations":[{"start":{"line":59,"column":62},"end":{"line":59,"column":75}},{"start":{"line":59,"column":78},"end":{"line":59,"column":80}}]}},"s":{"0":0,"1":0,"2":0,"3":0,"4":0,"5":0,"6":0,"7":0,"8":0,"9":0,"10":0,"11":0,"12":0,"13":0,"14":0,"15":0,"16":0,"17":0,"18":0,"19":0,"20":0,"21":0,"22":0,"23":0},"f":{"0":0,"1":0,"2":0,"3":0,"4":0,"5":0},"b":{"0":[0],"1":[0,0],"2":[0,0],"3":[0],"4":[0,0],"5":[0],"6":[0,0],"7":[0,0],"8":[0,0]}}
,"C:\\Users\\Nurli\\A_MY_FILES\\PROJECT_CV\\myCV-typescript\\src\\components\\Skills\\Skills.tsx": {"path":"C:\\Users\\Nurli\\A_MY_FILES\\PROJECT_CV\\myCV-typescript\\src\\components\\Skills\\Skills.tsx","statementMap":{"0":{"start":{"line":1,"column":0},"end":{"line":1,"column":41}},"1":{"start":{"line":2,"column":0},"end":{"line":2,"column":41}},"2":{"start":{"line":3,"column":0},"end":{"line":3,"column":55}},"3":{"start":{"line":6,"column":0},"end":{"line":6,"column":38}},"4":{"start":{"line":7,"column":0},"end":{"line":7,"column":65}},"5":{"start":{"line":8,"column":0},"end":{"line":8,"column":61}},"6":{"start":{"line":9,"column":0},"end":{"line":9,"column":60}},"7":{"start":{"line":10,"column":0},"end":{"line":10,"column":50}},"8":{"start":{"line":11,"column":0},"end":{"line":11,"column":54}},"9":{"start":{"line":13,"column":32},"end":{"line":75,"column":1}},"10":{"start":{"line":14,"column":19},"end":{"line":14,"column":47}},"11":{"start":{"line":15,"column":43},"end":{"line":16,"column":null}},"12":{"start":{"line":16,"column":26},"end":{"line":16,"column":38}},"13":{"start":{"line":18,"column":26},"end":{"line":20,"column":3}},"14":{"start":{"line":19,"column":4},"end":{"line":19,"column":39}},"15":{"start":{"line":21,"column":2},"end":{"line":24,"column":9}},"16":{"start":{"line":22,"column":4},"end":{"line":22,"column":39}},"17":{"start":{"line":23,"column":4},"end":{"line":23,"column":31}},"18":{"start":{"line":25,"column":2},"end":{"line":32,"column":6}},"19":{"start":{"line":26,"column":4},"end":{"line":32,"column":6}},"20":{"start":{"line":33,"column":2},"end":{"line":74,"column":4}},"21":{"start":{"line":49,"column":12},"end":{"line":57,"column":14}},"22":{"start":{"line":13,"column":13},"end":{"line":13,"column":32}}},"fnMap":{"0":{"name":"(anonymous_1)","decl":{"start":{"line":13,"column":32},"end":{"line":13,"column":35}},"loc":{"start":{"line":13,"column":37},"end":{"line":75,"column":1}}},"1":{"name":"(anonymous_2)","decl":{"start":{"line":16,"column":4},"end":{"line":16,"column":5}},"loc":{"start":{"line":16,"column":26},"end":{"line":16,"column":38}}},"2":{"name":"(anonymous_3)","decl":{"start":{"line":18,"column":26},"end":{"line":18,"column":29}},"loc":{"start":{"line":18,"column":31},"end":{"line":20,"column":3}}},"3":{"name":"(anonymous_4)","decl":{"start":{"line":21,"column":12},"end":{"line":21,"column":15}},"loc":{"start":{"line":21,"column":17},"end":{"line":24,"column":3}}},"4":{"name":"(anonymous_5)","decl":{"start":{"line":48,"column":22},"end":{"line":48,"column":23}},"loc":{"start":{"line":48,"column":45},"end":{"line":58,"column":11}}}},"branchMap":{"0":{"loc":{"start":{"line":25,"column":2},"end":{"line":32,"column":6}},"type":"if","locations":[{"start":{"line":25,"column":2},"end":{"line":32,"column":6}}]},"1":{"loc":{"start":{"line":45,"column":7},"end":{"line":45,"column":36}},"type":"binary-expr","locations":[{"start":{"line":45,"column":7},"end":{"line":45,"column":19}},{"start":{"line":45,"column":23},"end":{"line":45,"column":36}}]},"2":{"loc":{"start":{"line":46,"column":7},"end":{"line":60,"column":14}},"type":"cond-expr","locations":[{"start":{"line":47,"column":8},"end":{"line":58,"column":null}},{"start":{"line":60,"column":10},"end":{"line":60,"column":14}}]}},"s":{"0":0,"1":0,"2":0,"3":0,"4":0,"5":0,"6":0,"7":0,"8":0,"9":0,"10":0,"11":0,"12":0,"13":0,"14":0,"15":0,"16":0,"17":0,"18":0,"19":0,"20":0,"21":0,"22":0},"f":{"0":0,"1":0,"2":0,"3":0,"4":0},"b":{"0":[0],"1":[0,0],"2":[0,0]}}
,"C:\\Users\\Nurli\\A_MY_FILES\\PROJECT_CV\\myCV-typescript\\src\\components\\Skills\\SkillForm\\SkillForm.tsx": {"path":"C:\\Users\\Nurli\\A_MY_FILES\\PROJECT_CV\\myCV-typescript\\src\\components\\Skills\\SkillForm\\SkillForm.tsx","statementMap":{"0":{"start":{"line":1,"column":0},"end":{"line":1,"column":48}},"1":{"start":{"line":3,"column":0},"end":{"line":3,"column":54}},"2":{"start":{"line":5,"column":0},"end":{"line":5,"column":79}},"3":{"start":{"line":7,"column":0},"end":{"line":7,"column":42}},"4":{"start":{"line":8,"column":0},"end":{"line":8,"column":27}},"5":{"start":{"line":9,"column":0},"end":{"line":9,"column":44}},"6":{"start":{"line":11,"column":35},"end":{"line":108,"column":1}},"7":{"start":{"line":12,"column":19},"end":{"line":12,"column":47}},"8":{"start":{"line":13,"column":24},"end":{"line":16,"column":4}},"9":{"start":{"line":19,"column":27},"end":{"line":26,"column":4}},"10":{"start":{"line":28,"column":23},"end":{"line":37,"column":3}},"11":{"start":{"line":32,"column":4},"end":{"line":32,"column":44}},"12":{"start":{"line":33,"column":4},"end":{"line":35,"column":6}},"13":{"start":{"line":36,"column":4},"end":{"line":36,"column":16}},"14":{"start":{"line":39,"column":2},"end":{"line":107,"column":4}},"15":{"start":{"line":46,"column":8},"end":{"line":103,"column":null}},"16":{"start":{"line":11,"column":13},"end":{"line":11,"column":35}}},"fnMap":{"0":{"name":"(anonymous_10)","decl":{"start":{"line":11,"column":35},"end":{"line":11,"column":38}},"loc":{"start":{"line":11,"column":40},"end":{"line":108,"column":1}}},"1":{"name":"(anonymous_11)","decl":{"start":{"line":28,"column":23},"end":{"line":28,"column":null}},"loc":{"start":{"line":31,"column":6},"end":{"line":37,"column":3}}},"2":{"name":"(anonymous_12)","decl":{"start":{"line":45,"column":7},"end":{"line":45,"column":8}},"loc":{"start":{"line":46,"column":8},"end":{"line":103,"column":null}}}},"branchMap":{"0":{"loc":{"start":{"line":59,"column":16},"end":{"line":61,"column":33}},"type":"cond-expr","locations":[{"start":{"line":60,"column":20},"end":{"line":60,"column":41}},{"start":{"line":61,"column":20},"end":{"line":61,"column":33}}]},"1":{"loc":{"start":{"line":59,"column":16},"end":{"line":59,"column":53}},"type":"binary-expr","locations":[{"start":{"line":59,"column":16},"end":{"line":59,"column":32}},{"start":{"line":59,"column":36},"end":{"line":59,"column":53}}]},"2":{"loc":{"start":{"line":84,"column":16},"end":{"line":86,"column":33}},"type":"cond-expr","locations":[{"start":{"line":85,"column":20},"end":{"line":85,"column":41}},{"start":{"line":86,"column":20},"end":{"line":86,"column":33}}]},"3":{"loc":{"start":{"line":84,"column":16},"end":{"line":84,"column":55}},"type":"binary-expr","locations":[{"start":{"line":84,"column":16},"end":{"line":84,"column":33}},{"start":{"line":84,"column":37},"end":{"line":84,"column":55}}]},"4":{"loc":{"start":{"line":101,"column":24},"end":{"line":101,"column":40}},"type":"binary-expr","locations":[{"start":{"line":101,"column":24},"end":{"line":101,"column":31}},{"start":{"line":101,"column":35},"end":{"line":101,"column":40}}]}},"s":{"0":0,"1":0,"2":0,"3":0,"4":0,"5":0,"6":0,"7":0,"8":0,"9":0,"10":0,"11":0,"12":0,"13":0,"14":0,"15":0,"16":0},"f":{"0":0,"1":0,"2":0},"b":{"0":[0,0],"1":[0,0],"2":[0,0],"3":[0,0],"4":[0,0]}}
,"C:\\Users\\Nurli\\A_MY_FILES\\PROJECT_CV\\myCV-typescript\\src\\components\\TimeLine\\TimeLine.tsx": {"path":"C:\\Users\\Nurli\\A_MY_FILES\\PROJECT_CV\\myCV-typescript\\src\\components\\TimeLine\\TimeLine.tsx","statementMap":{"0":{"start":{"line":1,"column":0},"end":{"line":1,"column":41}},"1":{"start":{"line":2,"column":0},"end":{"line":2,"column":43}},"2":{"start":{"line":3,"column":0},"end":{"line":3,"column":55}},"3":{"start":{"line":5,"column":0},"end":{"line":5,"column":64}},"4":{"start":{"line":6,"column":0},"end":{"line":6,"column":65}},"5":{"start":{"line":8,"column":0},"end":{"line":8,"column":72}},"6":{"start":{"line":10,"column":27},"end":{"line":57,"column":1}},"7":{"start":{"line":11,"column":33},"end":{"line":12,"column":null}},"8":{"start":{"line":12,"column":26},"end":{"line":12,"column":42}},"9":{"start":{"line":14,"column":19},"end":{"line":14,"column":47}},"10":{"start":{"line":15,"column":2},"end":{"line":17,"column":17}},"11":{"start":{"line":16,"column":4},"end":{"line":16,"column":37}},"12":{"start":{"line":19,"column":2},"end":{"line":24,"column":6}},"13":{"start":{"line":20,"column":4},"end":{"line":24,"column":6}},"14":{"start":{"line":25,"column":2},"end":{"line":32,"column":6}},"15":{"start":{"line":26,"column":4},"end":{"line":32,"column":6}},"16":{"start":{"line":34,"column":2},"end":{"line":56,"column":4}},"17":{"start":{"line":41,"column":16},"end":{"line":41,"column":32}},"18":{"start":{"line":59,"column":0},"end":{"line":59,"column":24}}},"fnMap":{"0":{"name":"(anonymous_1)","decl":{"start":{"line":10,"column":27},"end":{"line":10,"column":30}},"loc":{"start":{"line":10,"column":32},"end":{"line":57,"column":1}}},"1":{"name":"(anonymous_2)","decl":{"start":{"line":12,"column":4},"end":{"line":12,"column":5}},"loc":{"start":{"line":12,"column":26},"end":{"line":12,"column":42}}},"2":{"name":"(anonymous_3)","decl":{"start":{"line":15,"column":12},"end":{"line":15,"column":15}},"loc":{"start":{"line":15,"column":17},"end":{"line":17,"column":3}}},"3":{"name":"(anonymous_4)","decl":{"start":{"line":40,"column":14},"end":{"line":40,"column":15}},"loc":{"start":{"line":41,"column":16},"end":{"line":41,"column":32}}}},"branchMap":{"0":{"loc":{"start":{"line":19,"column":2},"end":{"line":24,"column":6}},"type":"if","locations":[{"start":{"line":19,"column":2},"end":{"line":24,"column":6}}]},"1":{"loc":{"start":{"line":25,"column":2},"end":{"line":32,"column":6}},"type":"if","locations":[{"start":{"line":25,"column":2},"end":{"line":32,"column":6}}]},"2":{"loc":{"start":{"line":38,"column":11},"end":{"line":51,"column":null}},"type":"cond-expr","locations":[{"start":{"line":39,"column":12},"end":{"line":48,"column":null}},{"start":{"line":51,"column":12},"end":{"line":51,"column":78}}]}},"s":{"0":0,"1":0,"2":0,"3":0,"4":0,"5":0,"6":0,"7":0,"8":0,"9":0,"10":0,"11":0,"12":0,"13":0,"14":0,"15":0,"16":0,"17":0,"18":0},"f":{"0":0,"1":0,"2":0,"3":0},"b":{"0":[0],"1":[0],"2":[0,0]}}
,"C:\\Users\\Nurli\\A_MY_FILES\\PROJECT_CV\\myCV-typescript\\src\\constants\\aboutMe.ts": {"path":"C:\\Users\\Nurli\\A_MY_FILES\\PROJECT_CV\\myCV-typescript\\src\\constants\\aboutMe.ts","statementMap":{"0":{"start":{"line":1,"column":0},"end":{"line":1,"column":50}},"1":{"start":{"line":2,"column":0},"end":{"line":2,"column":71}},"2":{"start":{"line":3,"column":0},"end":{"line":3,"column":67}},"3":{"start":{"line":5,"column":13},"end":{"line":11,"column":2}},"4":{"start":{"line":13,"column":13},"end":{"line":14,"column":1188}},"5":{"start":{"line":16,"column":13},"end":{"line":32,"column":2}},"6":{"start":{"line":34,"column":13},"end":{"line":62,"column":2}},"7":{"start":{"line":64,"column":13},"end":{"line":83,"column":2}}},"fnMap":{},"branchMap":{},"s":{"0":0,"1":0,"2":0,"3":0,"4":0,"5":0,"6":0,"7":0},"f":{},"b":{}}
,"C:\\Users\\Nurli\\A_MY_FILES\\PROJECT_CV\\myCV-typescript\\src\\constants\\portfolioData.ts": {"path":"C:\\Users\\Nurli\\A_MY_FILES\\PROJECT_CV\\myCV-typescript\\src\\constants\\portfolioData.ts","statementMap":{"0":{"start":{"line":1,"column":0},"end":{"line":1,"column":52}},"1":{"start":{"line":2,"column":0},"end":{"line":2,"column":56}},"2":{"start":{"line":4,"column":13},"end":{"line":59,"column":2}}},"fnMap":{},"branchMap":{},"s":{"0":0,"1":0,"2":0},"f":{},"b":{}}
,"C:\\Users\\Nurli\\A_MY_FILES\\PROJECT_CV\\myCV-typescript\\src\\pages\\Home\\Home.tsx": {"path":"C:\\Users\\Nurli\\A_MY_FILES\\PROJECT_CV\\myCV-typescript\\src\\pages\\Home\\Home.tsx","statementMap":{"0":{"start":{"line":2,"column":0},"end":{"line":2,"column":39}},"1":{"start":{"line":3,"column":0},"end":{"line":3,"column":54}},"2":{"start":{"line":4,"column":0},"end":{"line":4,"column":48}},"3":{"start":{"line":5,"column":0},"end":{"line":5,"column":45}},"4":{"start":{"line":6,"column":0},"end":{"line":6,"column":47}},"5":{"start":{"line":8,"column":30},"end":{"line":28,"column":1}},"6":{"start":{"line":9,"column":19},"end":{"line":9,"column":32}},"7":{"start":{"line":10,"column":2},"end":{"line":27,"column":4}},"8":{"start":{"line":22,"column":25},"end":{"line":22,"column":43}},"9":{"start":{"line":8,"column":13},"end":{"line":8,"column":30}}},"fnMap":{"0":{"name":"(anonymous_1)","decl":{"start":{"line":8,"column":30},"end":{"line":8,"column":33}},"loc":{"start":{"line":8,"column":35},"end":{"line":28,"column":1}}},"1":{"name":"(anonymous_2)","decl":{"start":{"line":22,"column":19},"end":{"line":22,"column":22}},"loc":{"start":{"line":22,"column":25},"end":{"line":22,"column":43}}}},"branchMap":{},"s":{"0":0,"1":0,"2":0,"3":0,"4":0,"5":0,"6":0,"7":0,"8":0,"9":0},"f":{"0":0,"1":0},"b":{}}
,"C:\\Users\\Nurli\\A_MY_FILES\\PROJECT_CV\\myCV-typescript\\src\\pages\\Inner\\Inner.tsx": {"path":"C:\\Users\\Nurli\\A_MY_FILES\\PROJECT_CV\\myCV-typescript\\src\\pages\\Inner\\Inner.tsx","statementMap":{"0":{"start":{"line":1,"column":0},"end":{"line":1,"column":51}},"1":{"start":{"line":2,"column":0},"end":{"line":2,"column":40}},"2":{"start":{"line":3,"column":0},"end":{"line":3,"column":45}},"3":{"start":{"line":4,"column":0},"end":{"line":4,"column":39}},"4":{"start":{"line":5,"column":0},"end":{"line":5,"column":76}},"5":{"start":{"line":6,"column":0},"end":{"line":6,"column":54}},"6":{"start":{"line":7,"column":0},"end":{"line":7,"column":57}},"7":{"start":{"line":8,"column":0},"end":{"line":8,"column":57}},"8":{"start":{"line":9,"column":0},"end":{"line":9,"column":51}},"9":{"start":{"line":10,"column":0},"end":{"line":10,"column":54}},"10":{"start":{"line":11,"column":0},"end":{"line":11,"column":39}},"11":{"start":{"line":12,"column":0},"end":{"line":12,"column":65}},"12":{"start":{"line":13,"column":0},"end":{"line":13,"column":72}},"13":{"start":{"line":14,"column":0},"end":{"line":14,"column":48}},"14":{"start":{"line":15,"column":0},"end":{"line":15,"column":58}},"15":{"start":{"line":16,"column":0},"end":{"line":16,"column":52}},"16":{"start":{"line":18,"column":31},"end":{"line":106,"column":1}},"17":{"start":{"line":19,"column":40},"end":{"line":19,"column":54}},"18":{"start":{"line":20,"column":42},"end":{"line":20,"column":55}},"19":{"start":{"line":22,"column":24},"end":{"line":24,"column":3}},"20":{"start":{"line":23,"column":4},"end":{"line":23,"column":36}},"21":{"start":{"line":23,"column":29},"end":{"line":23,"column":34}},"22":{"start":{"line":27,"column":34},"end":{"line":27,"column":57}},"23":{"start":{"line":28,"column":38},"end":{"line":29,"column":null}},"24":{"start":{"line":33,"column":2},"end":{"line":54,"column":9}},"25":{"start":{"line":34,"column":25},"end":{"line":44,"column":5}},"26":{"start":{"line":35,"column":6},"end":{"line":43,"column":7}},"27":{"start":{"line":36,"column":8},"end":{"line":36,"column":27}},"28":{"start":{"line":37,"column":8},"end":{"line":37,"column":31}},"29":{"start":{"line":38,"column":8},"end":{"line":38,"column":28}},"30":{"start":{"line":40,"column":8},"end":{"line":40,"column":26}},"31":{"start":{"line":41,"column":8},"end":{"line":41,"column":32}},"32":{"start":{"line":42,"column":8},"end":{"line":42,"column":29}},"33":{"start":{"line":46,"column":4},"end":{"line":46,"column":19}},"34":{"start":{"line":49,"column":4},"end":{"line":49,"column":52}},"35":{"start":{"line":51,"column":4},"end":{"line":53,"column":6}},"36":{"start":{"line":52,"column":6},"end":{"line":52,"column":57}},"37":{"start":{"line":56,"column":2},"end":{"line":105,"column":4}},"38":{"start":{"line":101,"column":25},"end":{"line":101,"column":51}},"39":{"start":{"line":18,"column":13},"end":{"line":18,"column":31}}},"fnMap":{"0":{"name":"(anonymous_1)","decl":{"start":{"line":18,"column":31},"end":{"line":18,"column":34}},"loc":{"start":{"line":18,"column":36},"end":{"line":106,"column":1}}},"1":{"name":"(anonymous_2)","decl":{"start":{"line":22,"column":24},"end":{"line":22,"column":27}},"loc":{"start":{"line":22,"column":29},"end":{"line":24,"column":3}}},"2":{"name":"(anonymous_3)","decl":{"start":{"line":23,"column":19},"end":{"line":23,"column":20}},"loc":{"start":{"line":23,"column":29},"end":{"line":23,"column":34}}},"3":{"name":"(anonymous_4)","decl":{"start":{"line":33,"column":12},"end":{"line":33,"column":15}},"loc":{"start":{"line":33,"column":17},"end":{"line":54,"column":3}}},"4":{"name":"(anonymous_5)","decl":{"start":{"line":34,"column":25},"end":{"line":34,"column":28}},"loc":{"start":{"line":34,"column":30},"end":{"line":44,"column":5}}},"5":{"name":"(anonymous_6)","decl":{"start":{"line":51,"column":11},"end":{"line":51,"column":14}},"loc":{"start":{"line":51,"column":16},"end":{"line":53,"column":5}}},"6":{"name":"(anonymous_7)","decl":{"start":{"line":101,"column":19},"end":{"line":101,"column":22}},"loc":{"start":{"line":101,"column":25},"end":{"line":101,"column":51}}}},"branchMap":{"0":{"loc":{"start":{"line":35,"column":6},"end":{"line":43,"column":7}},"type":"if","locations":[{"start":{"line":35,"column":6},"end":{"line":43,"column":7}},{"start":{"line":39,"column":13},"end":{"line":43,"column":7}}]},"1":{"loc":{"start":{"line":61,"column":13},"end":{"line":61,"column":44}},"type":"cond-expr","locations":[{"start":{"line":61,"column":27},"end":{"line":61,"column":28}},{"start":{"line":61,"column":31},"end":{"line":61,"column":44}}]},"2":{"loc":{"start":{"line":80,"column":31},"end":{"line":80,"column":61}},"type":"cond-expr","locations":[{"start":{"line":80,"column":45},"end":{"line":80,"column":57}},{"start":{"line":80,"column":60},"end":{"line":80,"column":61}}]}},"s":{"0":0,"1":0,"2":0,"3":0,"4":0,"5":0,"6":0,"7":0,"8":0,"9":0,"10":0,"11":0,"12":0,"13":0,"14":0,"15":0,"16":0,"17":0,"18":0,"19":0,"20":0,"21":0,"22":0,"23":0,"24":0,"25":0,"26":0,"27":0,"28":0,"29":0,"30":0,"31":0,"32":0,"33":0,"34":0,"35":0,"36":0,"37":0,"38":0,"39":0},"f":{"0":0,"1":0,"2":0,"3":0,"4":0,"5":0,"6":0},"b":{"0":[0,0],"1":[0,0],"2":[0,0]}}
,"C:\\Users\\Nurli\\A_MY_FILES\\PROJECT_CV\\myCV-typescript\\src\\services\\getEducationData.ts": {"path":"C:\\Users\\Nurli\\A_MY_FILES\\PROJECT_CV\\myCV-typescript\\src\\services\\getEducationData.ts","statementMap":{"0":{"start":{"line":1,"column":25},"end":{"line":11,"column":2}},"1":{"start":{"line":1,"column":36},"end":{"line":11,"column":2}},"2":{"start":{"line":2,"column":2},"end":{"line":10,"column":3}},"3":{"start":{"line":3,"column":21},"end":{"line":3,"column":51}},"4":{"start":{"line":4,"column":19},"end":{"line":4,"column":40}},"5":{"start":{"line":5,"column":4},"end":{"line":5,"column":18}},"6":{"start":{"line":7,"column":4},"end":{"line":9,"column":6}},"7":{"start":{"line":12,"column":0},"end":{"line":12,"column":32}}},"fnMap":{"0":{"name":"(anonymous_7)","decl":{"start":{"line":1,"column":25},"end":{"line":1,"column":34}},"loc":{"start":{"line":1,"column":36},"end":{"line":11,"column":2}}},"1":{"name":"(anonymous_8)","decl":{"start":{"line":1,"column":36},"end":{"line":1,"column":null}},"loc":{"start":{"line":1,"column":36},"end":{"line":11,"column":1}}}},"branchMap":{},"s":{"0":0,"1":0,"2":0,"3":0,"4":0,"5":0,"6":0,"7":0},"f":{"0":0,"1":0},"b":{}}
,"C:\\Users\\Nurli\\A_MY_FILES\\PROJECT_CV\\myCV-typescript\\src\\services\\getSkillsData.ts": {"path":"C:\\Users\\Nurli\\A_MY_FILES\\PROJECT_CV\\myCV-typescript\\src\\services\\getSkillsData.ts","statementMap":{"0":{"start":{"line":1,"column":29},"end":{"line":11,"column":2}},"1":{"start":{"line":1,"column":40},"end":{"line":11,"column":2}},"2":{"start":{"line":2,"column":2},"end":{"line":10,"column":3}},"3":{"start":{"line":3,"column":21},"end":{"line":3,"column":47}},"4":{"start":{"line":4,"column":19},"end":{"line":4,"column":40}},"5":{"start":{"line":5,"column":4},"end":{"line":5,"column":18}},"6":{"start":{"line":7,"column":4},"end":{"line":9,"column":6}},"7":{"start":{"line":1,"column":13},"end":{"line":1,"column":29}},"8":{"start":{"line":12,"column":0},"end":{"line":12,"column":29}}},"fnMap":{"0":{"name":"(anonymous_7)","decl":{"start":{"line":1,"column":29},"end":{"line":1,"column":38}},"loc":{"start":{"line":1,"column":40},"end":{"line":11,"column":2}}},"1":{"name":"(anonymous_8)","decl":{"start":{"line":1,"column":40},"end":{"line":1,"column":null}},"loc":{"start":{"line":1,"column":40},"end":{"line":11,"column":1}}}},"branchMap":{},"s":{"0":0,"1":0,"2":0,"3":0,"4":0,"5":0,"6":0,"7":0,"8":0},"f":{"0":0,"1":0},"b":{}}
,"C:\\Users\\Nurli\\A_MY_FILES\\PROJECT_CV\\myCV-typescript\\src\\services\\postSkillData.ts": {"path":"C:\\Users\\Nurli\\A_MY_FILES\\PROJECT_CV\\myCV-typescript\\src\\services\\postSkillData.ts","statementMap":{"0":{"start":{"line":3,"column":30},"end":{"line":20,"column":2}},"1":{"start":{"line":3,"column":57},"end":{"line":20,"column":2}},"2":{"start":{"line":4,"column":2},"end":{"line":19,"column":3}},"3":{"start":{"line":5,"column":21},"end":{"line":11,"column":6}},"4":{"start":{"line":13,"column":19},"end":{"line":13,"column":40}},"5":{"start":{"line":14,"column":4},"end":{"line":14,"column":18}},"6":{"start":{"line":16,"column":4},"end":{"line":18,"column":6}},"7":{"start":{"line":3,"column":13},"end":{"line":3,"column":30}},"8":{"start":{"line":21,"column":0},"end":{"line":21,"column":30}}},"fnMap":{"0":{"name":"(anonymous_7)","decl":{"start":{"line":3,"column":30},"end":{"line":3,"column":37}},"loc":{"start":{"line":3,"column":57},"end":{"line":20,"column":2}}},"1":{"name":"(anonymous_8)","decl":{"start":{"line":3,"column":57},"end":{"line":3,"column":null}},"loc":{"start":{"line":3,"column":57},"end":{"line":20,"column":1}}}},"branchMap":{},"s":{"0":0,"1":0,"2":0,"3":0,"4":0,"5":0,"6":0,"7":0,"8":0},"f":{"0":0,"1":0},"b":{}}
,"C:\\Users\\Nurli\\A_MY_FILES\\PROJECT_CV\\myCV-typescript\\src\\services\\server.js": {"path":"C:\\Users\\Nurli\\A_MY_FILES\\PROJECT_CV\\myCV-typescript\\src\\services\\server.js","statementMap":{"0":{"start":{"line":4,"column":0},"end":{"line":47,"column":3}},"1":{"start":{"line":10,"column":24},"end":{"line":10,"column":54}},"2":{"start":{"line":11,"column":4},"end":{"line":15,"column":5}},"3":{"start":{"line":12,"column":6},"end":{"line":14,"column":9}},"4":{"start":{"line":13,"column":8},"end":{"line":13,"column":40}},"5":{"start":{"line":19,"column":4},"end":{"line":19,"column":27}},"6":{"start":{"line":21,"column":4},"end":{"line":27,"column":6}},"7":{"start":{"line":24,"column":8},"end":{"line":24,"column":29}},"8":{"start":{"line":29,"column":4},"end":{"line":35,"column":6}},"9":{"start":{"line":32,"column":8},"end":{"line":32,"column":35}},"10":{"start":{"line":37,"column":4},"end":{"line":45,"column":7}},"11":{"start":{"line":38,"column":23},"end":{"line":38,"column":54}},"12":{"start":{"line":39,"column":6},"end":{"line":39,"column":39}},"13":{"start":{"line":41,"column":24},"end":{"line":41,"column":78}},"14":{"start":{"line":41,"column":66},"end":{"line":41,"column":77}},"15":{"start":{"line":42,"column":6},"end":{"line":42,"column":64}},"16":{"start":{"line":44,"column":6},"end":{"line":44,"column":33}}},"fnMap":{"0":{"name":"(anonymous_0)","decl":{"start":{"line":9,"column":2},"end":{"line":9,"column":3}},"loc":{"start":{"line":9,"column":16},"end":{"line":16,"column":3}},"line":9},"1":{"name":"(anonymous_1)","decl":{"start":{"line":12,"column":45},"end":{"line":12,"column":46}},"loc":{"start":{"line":12,"column":58},"end":{"line":14,"column":7}},"line":12},"2":{"name":"(anonymous_2)","decl":{"start":{"line":18,"column":2},"end":{"line":18,"column":3}},"loc":{"start":{"line":18,"column":11},"end":{"line":46,"column":3}},"line":18},"3":{"name":"(anonymous_3)","decl":{"start":{"line":23,"column":6},"end":{"line":23,"column":7}},"loc":{"start":{"line":23,"column":12},"end":{"line":25,"column":7}},"line":23},"4":{"name":"(anonymous_4)","decl":{"start":{"line":31,"column":6},"end":{"line":31,"column":7}},"loc":{"start":{"line":31,"column":18},"end":{"line":33,"column":7}},"line":31},"5":{"name":"(anonymous_5)","decl":{"start":{"line":37,"column":25},"end":{"line":37,"column":26}},"loc":{"start":{"line":37,"column":46},"end":{"line":45,"column":5}},"line":37},"6":{"name":"(anonymous_6)","decl":{"start":{"line":41,"column":55},"end":{"line":41,"column":56}},"loc":{"start":{"line":41,"column":66},"end":{"line":41,"column":77}},"line":41}},"branchMap":{"0":{"loc":{"start":{"line":11,"column":4},"end":{"line":15,"column":5}},"type":"if","locations":[{"start":{"line":11,"column":4},"end":{"line":15,"column":5}},{"start":{},"end":{}}],"line":11}},"s":{"0":0,"1":0,"2":0,"3":0,"4":0,"5":0,"6":0,"7":0,"8":0,"9":0,"10":0,"11":0,"12":0,"13":0,"14":0,"15":0,"16":0},"f":{"0":0,"1":0,"2":0,"3":0,"4":0,"5":0,"6":0},"b":{"0":[0,0]},"inputSourceMap":null}
,"C:\\Users\\Nurli\\A_MY_FILES\\PROJECT_CV\\myCV-typescript\\src\\store\\index.ts": {"path":"C:\\Users\\Nurli\\A_MY_FILES\\PROJECT_CV\\myCV-typescript\\src\\store\\index.ts","statementMap":{"0":{"start":{"line":1,"column":0},"end":{"line":1,"column":9}},"1":{"start":{"line":1,"column":9},"end":{"line":1,"column":40}}},"fnMap":{"0":{"name":"(anonymous_1)","decl":{"start":{"line":1,"column":9},"end":{"line":1,"column":16}},"loc":{"start":{"line":1,"column":9},"end":{"line":1,"column":40}}}},"branchMap":{},"s":{"0":0,"1":0},"f":{"0":0},"b":{}}
,"C:\\Users\\Nurli\\A_MY_FILES\\PROJECT_CV\\myCV-typescript\\src\\store\\rootReducer.ts": {"path":"C:\\Users\\Nurli\\A_MY_FILES\\PROJECT_CV\\myCV-typescript\\src\\store\\rootReducer.ts","statementMap":{"0":{"start":{"line":1,"column":0},"end":{"line":1,"column":67}},"1":{"start":{"line":2,"column":0},"end":{"line":2,"column":57}},"2":{"start":{"line":3,"column":0},"end":{"line":3,"column":49}},"3":{"start":{"line":5,"column":20},"end":{"line":8,"column":2}},"4":{"start":{"line":10,"column":14},"end":{"line":12,"column":2}},"5":{"start":{"line":16,"column":0},"end":{"line":16,"column":21}}},"fnMap":{},"branchMap":{},"s":{"0":0,"1":0,"2":0,"3":0,"4":0,"5":0},"f":{},"b":{}}
,"C:\\Users\\Nurli\\A_MY_FILES\\PROJECT_CV\\myCV-typescript\\src\\store\\educations\\actions.ts": {"path":"C:\\Users\\Nurli\\A_MY_FILES\\PROJECT_CV\\myCV-typescript\\src\\store\\educations\\actions.ts","statementMap":{"0":{"start":{"line":3,"column":30},"end":{"line":6,"column":2}},"1":{"start":{"line":3,"column":64},"end":{"line":6,"column":2}},"2":{"start":{"line":3,"column":13},"end":{"line":3,"column":30}}},"fnMap":{"0":{"name":"(anonymous_0)","decl":{"start":{"line":3,"column":30},"end":{"line":3,"column":31}},"loc":{"start":{"line":3,"column":64},"end":{"line":6,"column":2}}}},"branchMap":{},"s":{"0":0,"1":0,"2":0},"f":{"0":0},"b":{}}
,"C:\\Users\\Nurli\\A_MY_FILES\\PROJECT_CV\\myCV-typescript\\src\\store\\educations\\reducer.ts": {"path":"C:\\Users\\Nurli\\A_MY_FILES\\PROJECT_CV\\myCV-typescript\\src\\store\\educations\\reducer.ts","statementMap":{"0":{"start":{"line":1,"column":0},"end":{"line":1,"column":47}},"1":{"start":{"line":2,"column":0},"end":{"line":2,"column":47}},"2":{"start":{"line":5,"column":47},"end":{"line":8,"column":2}},"3":{"start":{"line":10,"column":24},"end":{"line":27,"column":2}},"4":{"start":{"line":15,"column":4},"end":{"line":25,"column":9}},"5":{"start":{"line":17,"column":8},"end":{"line":17,"column":33}},"6":{"start":{"line":20,"column":8},"end":{"line":20,"column":35}},"7":{"start":{"line":21,"column":8},"end":{"line":21,"column":42}},"8":{"start":{"line":24,"column":8},"end":{"line":24,"column":34}},"9":{"start":{"line":29,"column":13},"end":{"line":29,"column":57}}},"fnMap":{"0":{"name":"(anonymous_0)","decl":{"start":{"line":14,"column":17},"end":{"line":14,"column":18}},"loc":{"start":{"line":14,"column":29},"end":{"line":26,"column":3}}},"1":{"name":"(anonymous_1)","decl":{"start":{"line":16,"column":45},"end":{"line":16,"column":46}},"loc":{"start":{"line":16,"column":55},"end":{"line":18,"column":7}}},"2":{"name":"(anonymous_2)","decl":{"start":{"line":19,"column":47},"end":{"line":19,"column":48}},"loc":{"start":{"line":19,"column":65},"end":{"line":22,"column":7}}},"3":{"name":"(anonymous_3)","decl":{"start":{"line":23,"column":46},"end":{"line":23,"column":47}},"loc":{"start":{"line":23,"column":56},"end":{"line":25,"column":7}}}},"branchMap":{},"s":{"0":0,"1":0,"2":0,"3":0,"4":0,"5":0,"6":0,"7":0,"8":0,"9":0},"f":{"0":0,"1":0,"2":0,"3":0},"b":{}}
,"C:\\Users\\Nurli\\A_MY_FILES\\PROJECT_CV\\myCV-typescript\\src\\store\\educations\\thunk.ts": {"path":"C:\\Users\\Nurli\\A_MY_FILES\\PROJECT_CV\\myCV-typescript\\src\\store\\educations\\thunk.ts","statementMap":{"0":{"start":{"line":1,"column":0},"end":{"line":1,"column":59}},"1":{"start":{"line":2,"column":0},"end":{"line":2,"column":52}},"2":{"start":{"line":4,"column":13},"end":{"line":9,"column":2}},"3":{"start":{"line":6,"column":13},"end":{"line":8,"column":null}},"4":{"start":{"line":7,"column":4},"end":{"line":7,"column":30}}},"fnMap":{"0":{"name":"(anonymous_8)","decl":{"start":{"line":6,"column":2},"end":{"line":6,"column":11}},"loc":{"start":{"line":6,"column":13},"end":{"line":8,"column":null}}},"1":{"name":"(anonymous_9)","decl":{"start":{"line":6,"column":13},"end":{"line":6,"column":null}},"loc":{"start":{"line":6,"column":13},"end":{"line":8,"column":3}}}},"branchMap":{},"s":{"0":0,"1":0,"2":0,"3":0,"4":0},"f":{"0":0,"1":0},"b":{}}
,"C:\\Users\\Nurli\\A_MY_FILES\\PROJECT_CV\\myCV-typescript\\src\\store\\skills\\actions.ts": {"path":"C:\\Users\\Nurli\\A_MY_FILES\\PROJECT_CV\\myCV-typescript\\src\\store\\skills\\actions.ts","statementMap":{"0":{"start":{"line":3,"column":31},"end":{"line":6,"column":2}},"1":{"start":{"line":3,"column":55},"end":{"line":6,"column":2}},"2":{"start":{"line":3,"column":13},"end":{"line":3,"column":31}},"3":{"start":{"line":8,"column":31},"end":{"line":11,"column":2}},"4":{"start":{"line":8,"column":55},"end":{"line":11,"column":2}},"5":{"start":{"line":8,"column":13},"end":{"line":8,"column":31}}},"fnMap":{"0":{"name":"(anonymous_0)","decl":{"start":{"line":3,"column":31},"end":{"line":3,"column":32}},"loc":{"start":{"line":3,"column":55},"end":{"line":6,"column":2}}},"1":{"name":"(anonymous_1)","decl":{"start":{"line":8,"column":31},"end":{"line":8,"column":32}},"loc":{"start":{"line":8,"column":55},"end":{"line":11,"column":2}}}},"branchMap":{},"s":{"0":0,"1":0,"2":0,"3":0,"4":0,"5":0},"f":{"0":0,"1":0},"b":{}}
,"C:\\Users\\Nurli\\A_MY_FILES\\PROJECT_CV\\myCV-typescript\\src\\store\\skills\\reducer.ts": {"path":"C:\\Users\\Nurli\\A_MY_FILES\\PROJECT_CV\\myCV-typescript\\src\\store\\skills\\reducer.ts","statementMap":{"0":{"start":{"line":1,"column":0},"end":{"line":1,"column":67}},"1":{"start":{"line":2,"column":0},"end":{"line":2,"column":57}},"2":{"start":{"line":5,"column":39},"end":{"line":9,"column":2}},"3":{"start":{"line":10,"column":20},"end":{"line":41,"column":2}},"4":{"start":{"line":15,"column":6},"end":{"line":15,"column":42}},"5":{"start":{"line":19,"column":4},"end":{"line":39,"column":9}},"6":{"start":{"line":21,"column":8},"end":{"line":21,"column":38}},"7":{"start":{"line":22,"column":8},"end":{"line":22,"column":35}},"8":{"start":{"line":25,"column":8},"end":{"line":25,"column":34}},"9":{"start":{"line":28,"column":8},"end":{"line":28,"column":33}},"10":{"start":{"line":31,"column":8},"end":{"line":31,"column":38}},"11":{"start":{"line":32,"column":8},"end":{"line":32,"column":35}},"12":{"start":{"line":35,"column":8},"end":{"line":35,"column":34}},"13":{"start":{"line":38,"column":8},"end":{"line":38,"column":33}},"14":{"start":{"line":43,"column":13},"end":{"line":43,"column":49}},"15":{"start":{"line":44,"column":15},"end":{"line":44,"column":58}}},"fnMap":{"0":{"name":"(anonymous_0)","decl":{"start":{"line":14,"column":24},"end":{"line":14,"column":25}},"loc":{"start":{"line":14,"column":73},"end":{"line":16,"column":5}}},"1":{"name":"(anonymous_1)","decl":{"start":{"line":18,"column":17},"end":{"line":18,"column":18}},"loc":{"start":{"line":18,"column":29},"end":{"line":40,"column":3}}},"2":{"name":"(anonymous_2)","decl":{"start":{"line":20,"column":41},"end":{"line":20,"column":42}},"loc":{"start":{"line":20,"column":59},"end":{"line":23,"column":7}}},"3":{"name":"(anonymous_3)","decl":{"start":{"line":24,"column":40},"end":{"line":24,"column":41}},"loc":{"start":{"line":24,"column":50},"end":{"line":26,"column":7}}},"4":{"name":"(anonymous_4)","decl":{"start":{"line":27,"column":39},"end":{"line":27,"column":40}},"loc":{"start":{"line":27,"column":49},"end":{"line":29,"column":7}}},"5":{"name":"(anonymous_5)","decl":{"start":{"line":30,"column":41},"end":{"line":30,"column":42}},"loc":{"start":{"line":30,"column":59},"end":{"line":33,"column":7}}},"6":{"name":"(anonymous_6)","decl":{"start":{"line":34,"column":40},"end":{"line":34,"column":41}},"loc":{"start":{"line":34,"column":50},"end":{"line":36,"column":7}}},"7":{"name":"(anonymous_7)","decl":{"start":{"line":37,"column":39},"end":{"line":37,"column":40}},"loc":{"start":{"line":37,"column":49},"end":{"line":39,"column":7}}}},"branchMap":{},"s":{"0":0,"1":0,"2":0,"3":0,"4":0,"5":0,"6":0,"7":0,"8":0,"9":0,"10":0,"11":0,"12":0,"13":0,"14":0,"15":0},"f":{"0":0,"1":0,"2":0,"3":0,"4":0,"5":0,"6":0,"7":0},"b":{}}
,"C:\\Users\\Nurli\\A_MY_FILES\\PROJECT_CV\\myCV-typescript\\src\\store\\skills\\thunk.ts": {"path":"C:\\Users\\Nurli\\A_MY_FILES\\PROJECT_CV\\myCV-typescript\\src\\store\\skills\\thunk.ts","statementMap":{"0":{"start":{"line":1,"column":0},"end":{"line":1,"column":52}},"1":{"start":{"line":3,"column":0},"end":{"line":3,"column":54}},"2":{"start":{"line":4,"column":0},"end":{"line":4,"column":53}},"3":{"start":{"line":6,"column":13},"end":{"line":15,"column":2}},"4":{"start":{"line":8,"column":29},"end":{"line":14,"column":null}},"5":{"start":{"line":9,"column":19},"end":{"line":9,"column":46}},"6":{"start":{"line":11,"column":4},"end":{"line":11,"column":59}},"7":{"start":{"line":13,"column":4},"end":{"line":13,"column":25}},"8":{"start":{"line":17,"column":13},"end":{"line":21,"column":3}},"9":{"start":{"line":17,"column":78},"end":{"line":21,"column":2}},"10":{"start":{"line":18,"column":17},"end":{"line":18,"column":38}},"11":{"start":{"line":20,"column":2},"end":{"line":20,"column":23}}},"fnMap":{"0":{"name":"(anonymous_8)","decl":{"start":{"line":8,"column":2},"end":{"line":8,"column":9}},"loc":{"start":{"line":8,"column":29},"end":{"line":14,"column":null}}},"1":{"name":"(anonymous_9)","decl":{"start":{"line":8,"column":29},"end":{"line":8,"column":null}},"loc":{"start":{"line":8,"column":29},"end":{"line":14,"column":3}}},"2":{"name":"(anonymous_10)","decl":{"start":{"line":17,"column":67},"end":{"line":17,"column":76}},"loc":{"start":{"line":17,"column":78},"end":{"line":21,"column":2}}},"3":{"name":"(anonymous_11)","decl":{"start":{"line":17,"column":78},"end":{"line":17,"column":null}},"loc":{"start":{"line":17,"column":78},"end":{"line":21,"column":1}}}},"branchMap":{},"s":{"0":0,"1":0,"2":0,"3":0,"4":0,"5":0,"6":0,"7":0,"8":0,"9":0,"10":0,"11":0},"f":{"0":0,"1":0,"2":0,"3":0},"b":{}}
,"C:\\Users\\Nurli\\A_MY_FILES\\PROJECT_CV\\myCV-typescript\\src\\types\\isotope-layout.d.ts": {"path":"C:\\Users\\Nurli\\A_MY_FILES\\PROJECT_CV\\myCV-typescript\\src\\types\\isotope-layout.d.ts","statementMap":{},"fnMap":{},"branchMap":{},"s":{},"f":{},"b":{}}
,"C:\\Users\\Nurli\\A_MY_FILES\\PROJECT_CV\\myCV-typescript\\src\\utils\\onScrollToSection.ts": {"path":"C:\\Users\\Nurli\\A_MY_FILES\\PROJECT_CV\\myCV-typescript\\src\\utils\\onScrollToSection.ts","statementMap":{"0":{"start":{"line":1,"column":0},"end":{"line":1,"column":53}},"1":{"start":{"line":3,"column":26},"end":{"line":11,"column":1}},"2":{"start":{"line":4,"column":29},"end":{"line":4,"column":77}},"3":{"start":{"line":5,"column":18},"end":{"line":5,"column":61}},"4":{"start":{"line":6,"column":2},"end":{"line":6,"column":34}},"5":{"start":{"line":7,"column":2},"end":{"line":7,"column":23}},"6":{"start":{"line":8,"column":2},"end":{"line":10,"column":3}},"7":{"start":{"line":9,"column":4},"end":{"line":9,"column":67}},"8":{"start":{"line":13,"column":0},"end":{"line":13,"column":33}}},"fnMap":{"0":{"name":"(anonymous_1)","decl":{"start":{"line":3,"column":26},"end":{"line":3,"column":27}},"loc":{"start":{"line":3,"column":41},"end":{"line":11,"column":1}}}},"branchMap":{"0":{"loc":{"start":{"line":5,"column":18},"end":{"line":5,"column":61}},"type":"cond-expr","locations":[{"start":{"line":5,"column":36},"end":{"line":5,"column":38}},{"start":{"line":5,"column":18},"end":{"line":5,"column":61}}]},"1":{"loc":{"start":{"line":5,"column":18},"end":{"line":5,"column":38}},"type":"binary-expr","locations":[{"start":{"line":5,"column":18},"end":{"line":5,"column":38}},{"start":{"line":5,"column":18},"end":{"line":5,"column":38}}]},"2":{"loc":{"start":{"line":8,"column":2},"end":{"line":10,"column":3}},"type":"if","locations":[{"start":{"line":8,"column":2},"end":{"line":10,"column":3}}]}},"s":{"0":0,"1":0,"2":0,"3":0,"4":0,"5":0,"6":0,"7":0,"8":0},"f":{"0":0},"b":{"0":[0,0],"1":[0,0],"2":[0]}}
}
